7.1165 	WARNING 	User requested fullscreen with size [1024  768], but screen is actually [1920, 1080]. Using actual size
7.9415 	EXP 	Created window1 = Window(allowGUI=False, allowStencil=False, args=UNKNOWN, autoLog=True, bitsMode=UNKNOWN, blendMode='avg', color=array([ 0.15,  0.15,  0.15]), colorSpace='rgb', fullscr=UNKNOWN, gamma=None, kwargs=UNKNOWN, lms=UNKNOWN, monitor=<psychopy.monitors.calibTools.Monitor object at 0x1DCB8630>, multiSample=False, name='window1', numSamples=2, pos=[0, 0], screen=0, size=array([1920, 1080]), stereo=False, units=u'norm', useFBO=True, useRetina=False, viewOri=0.0, viewPos=None, viewScale=None, waitBlanking=True, winType=u'pyglet')
7.9416 	EXP 	window1: recordFrameIntervals = False
8.1060 	EXP 	window1: recordFrameIntervals = True
8.2902 	EXP 	window1: recordFrameIntervals = False
9.4596 	EXP 	Set  sound=C
9.4615 	EXP 	Set  sound=A
9.6140 	EXP 	Created unnamed TextStim = TextStim(alignHoriz='center', alignVert='center', antialias=True, autoLog=True, bold=False, color=array([ 1.,  1.,  1.]), colorSpace='rgb', contrast=1.0, depth=0, flipHoriz=False, flipVert=False, font='', fontFiles=[], height=1, italic=False, name='unnamed TextStim', opacity=1.0, ori=0.0, pos=array([-8.,  0.]), rgb=array([ 1.,  1.,  1.]), text=newstr(...), units='deg', win=Window(...), wrapWidth=18)
9.6679 	EXP 	Created unnamed TextStim = TextStim(alignHoriz='center', alignVert='center', antialias=True, autoLog=True, bold=False, color=array([ 1.,  1.,  1.]), colorSpace='rgb', contrast=1.0, depth=0, flipHoriz=False, flipVert=False, font='', fontFiles=[], height=1, italic=False, name='unnamed TextStim', opacity=1.0, ori=0.0, pos=array([-8.,  0.]), rgb=array([ 1.,  1.,  1.]), text=newstr(...), units='deg', win=Window(...), wrapWidth=18)
9.7965 	EXP 	Created unnamed TextStim = TextStim(alignHoriz='center', alignVert='center', antialias=True, autoLog=True, bold=False, color=array([ 1.,  1.,  1.]), colorSpace='rgb', contrast=1.0, depth=0, flipHoriz=False, flipVert=False, font='', fontFiles=[], height=1, italic=False, name='unnamed TextStim', opacity=1.0, ori=0.0, pos=array([-8.,  0.]), rgb=array([ 1.,  1.,  1.]), text=newstr(...), units='deg', win=Window(...), wrapWidth=18)
9.9623 	EXP 	Created unnamed TextStim = TextStim(alignHoriz='center', alignVert='center', antialias=True, autoLog=True, bold=False, color=array([ 1.,  1.,  1.]), colorSpace='rgb', contrast=1.0, depth=0, flipHoriz=False, flipVert=False, font='', fontFiles=[], height=1, italic=False, name='unnamed TextStim', opacity=1.0, ori=0.0, pos=array([-8.,  0.]), rgb=array([ 1.,  1.,  1.]), text=newstr(...), units='deg', win=Window(...), wrapWidth=18)
10.1286 	EXP 	Created unnamed TextStim = TextStim(alignHoriz='center', alignVert='center', antialias=True, autoLog=True, bold=False, color=array([ 1.,  1.,  1.]), colorSpace='rgb', contrast=1.0, depth=0, flipHoriz=False, flipVert=False, font='', fontFiles=[], height=1, italic=False, name='unnamed TextStim', opacity=1.0, ori=0.0, pos=array([ 0.,  0.]), rgb=array([ 1.,  1.,  1.]), text=newstr(...), units='deg', win=Window(...), wrapWidth=20)
10.1432 	EXP 	Created unnamed TextStim = TextStim(alignHoriz='center', alignVert='center', antialias=True, autoLog=True, bold=False, color=array([ 1.,  1.,  1.]), colorSpace='rgb', contrast=1.0, depth=0, flipHoriz=False, flipVert=False, font='', fontFiles=[], height=1, italic=False, name='unnamed TextStim', opacity=1.0, ori=0.0, pos=array([ 0.,  0.]), rgb=array([ 1.,  1.,  1.]), text='Please see the experimenter.', units='deg', win=Window(...), wrapWidth=20)
10.2609 	EXP 	Created unnamed TextStim = TextStim(alignHoriz='center', alignVert='center', antialias=True, autoLog=True, bold=False, color=array([ 1.,  1.,  1.]), colorSpace='rgb', contrast=1.0, depth=0, flipHoriz=False, flipVert=False, font='', fontFiles=[], height=1, italic=False, name='unnamed TextStim', opacity=1.0, ori=0.0, pos=array([ 0.,  0.]), rgb=array([ 1.,  1.,  1.]), text=newstr(...), units='deg', win=Window(...), wrapWidth=20)
10.4226 	EXP 	Created unnamed TextStim = TextStim(alignHoriz='center', alignVert='center', antialias=True, autoLog=True, bold=False, color=array([ 1.,  1.,  1.]), colorSpace='rgb', contrast=1.0, depth=0, flipHoriz=False, flipVert=False, font='', fontFiles=[], height=1, italic=False, name='unnamed TextStim', opacity=1.0, ori=0.0, pos=array([ 0.,  0.]), rgb=array([ 1.,  1.,  1.]), text=newstr(...), units='deg', win=Window(...), wrapWidth=20)
10.4857 	EXP 	Created unnamed TextStim = TextStim(alignHoriz='center', alignVert='center', antialias=True, autoLog=True, bold=False, color=array([ 1.,  1.,  1.]), colorSpace='rgb', contrast=1.0, depth=0, flipHoriz=False, flipVert=False, font='', fontFiles=[], height=1, italic=False, name='unnamed TextStim', opacity=1.0, ori=0.0, pos=array([ 0.,  0.]), rgb=array([ 1.,  1.,  1.]), text=newstr(...), units='deg', win=Window(...), wrapWidth=20)
10.4918 	EXP 	Created unnamed ShapeStim = ShapeStim(autoDraw=False, autoLog=True, closeShape=False, contrast=1.0, depth=-1.0, fillColor=None, fillColorSpace='rgb', interpolate=True, lineColor=array([ 1.,  1.,  1.]), lineColorSpace='rgb', lineWidth=2, name='unnamed ShapeStim', opacity=1.0, ori=array(0.0), pos=array([ 0.,  0.]), size=array([ 1.,  1.]), units=u'norm', vertices=ndarray(...), win=Window(...), windingRule=None)
10.4930 	EXP 	<method-wrapper '__getattribute__' of attributeSetter object at 0x055B4190>: vertices = array([[-110.,  110.],
       [ 110.,  110.],
       [ 110., -110.],
       [-110., -110.]])
10.4941 	EXP 	Created unnamed Rect = Rect(autoDraw=False, autoLog=True, closeShape=True, contrast=1.0, depth=-1.0, fillColor=array([ 0.05,  0.05,  0.05]), fillColorSpace='rgb', fillRGB=array([ 0.05,  0.05,  0.05]), interpolate=True, lineColor=array([ 0.05,  0.05,  0.05]), lineColorSpace='rgb', lineRGB=array([ 0.05,  0.05,  0.05]), lineWidth=1.5, name='unnamed Rect', opacity=1.0, ori=array(0.0), pos=array([ 0.,  0.]), size=array([ 1.,  1.]), units='pix', vertices=ndarray(...), win=Window(...))
10.4943 	EXP 	<method-wrapper '__getattribute__' of attributeSetter object at 0x055B4190>: vertices = array([[-110.,  110.],
       [ 110.,  110.],
       [ 110., -110.],
       [-110., -110.]])
10.4954 	EXP 	Created unnamed Rect = Rect(autoDraw=False, autoLog=True, closeShape=True, contrast=1.0, depth=-1.0, fillColor=array([ 0.05,  0.05,  0.05]), fillColorSpace='rgb', fillRGB=array([ 0.05,  0.05,  0.05]), interpolate=True, lineColor=array([ 0.05,  0.05,  0.05]), lineColorSpace='rgb', lineRGB=array([ 0.05,  0.05,  0.05]), lineWidth=1.5, name='unnamed Rect', opacity=1.0, ori=array(0.0), pos=array([ 280.,    0.]), size=array([ 1.,  1.]), units='pix', vertices=ndarray(...), win=Window(...))
10.4956 	EXP 	<method-wrapper '__getattribute__' of attributeSetter object at 0x055B4190>: vertices = array([[-110.,  110.],
       [ 110.,  110.],
       [ 110., -110.],
       [-110., -110.]])
10.4967 	EXP 	Created unnamed Rect = Rect(autoDraw=False, autoLog=True, closeShape=True, contrast=1.0, depth=-1.0, fillColor=array([ 0.05,  0.05,  0.05]), fillColorSpace='rgb', fillRGB=array([ 0.05,  0.05,  0.05]), interpolate=True, lineColor=array([ 0.05,  0.05,  0.05]), lineColorSpace='rgb', lineRGB=array([ 0.05,  0.05,  0.05]), lineWidth=1.5, name='unnamed Rect', opacity=1.0, ori=array(0.0), pos=array([-280.,    0.]), size=array([ 1.,  1.]), units='pix', vertices=ndarray(...), win=Window(...))
10.4969 	EXP 	<method-wrapper '__getattribute__' of attributeSetter object at 0x055B4190>: vertices = array([[-121.,  121.],
       [ 121.,  121.],
       [ 121., -121.],
       [-121., -121.]])
10.4985 	EXP 	Created unnamed Rect = Rect(autoDraw=False, autoLog=True, closeShape=True, contrast=1.0, depth=-1.0, fillColor=array([ 0.05,  0.05,  0.05]), fillColorSpace='rgb', fillRGB=array([ 0.05,  0.05,  0.05]), interpolate=True, lineColor=array([ 0.05,  0.05,  0.05]), lineColorSpace='rgb', lineRGB=array([ 0.05,  0.05,  0.05]), lineWidth=1.5, name='unnamed Rect', opacity=1.0, ori=array(0.0), pos=array([ 0.,  0.]), size=array([ 1.,  1.]), units='pix', vertices=ndarray(...), win=Window(...))
10.4987 	EXP 	<method-wrapper '__getattribute__' of attributeSetter object at 0x055B4190>: vertices = array([[-10.,  10.],
       [ 10.,  10.],
       [ 10., -10.],
       [-10., -10.]])
10.4998 	EXP 	Created unnamed Rect = Rect(autoDraw=False, autoLog=True, closeShape=True, contrast=1.0, depth=-1.0, fillColor=array([-0.35, -0.35, -0.35]), fillColorSpace='rgb', fillRGB=array([-0.35, -0.35, -0.35]), interpolate=True, lineColor=array([ 0.05,  0.05,  0.05]), lineColorSpace='rgb', lineRGB=array([ 0.05,  0.05,  0.05]), lineWidth=1.5, name='unnamed Rect', opacity=1.0, ori=array(0.0), pos=array([ 0.,  0.]), size=array([ 1.,  1.]), units='pix', vertices=ndarray(...), win=Window(...))
11.3086 	EXP 	Created unnamed ImageStim = ImageStim(autoLog=True, color=array([ 1.,  1.,  1.]), colorSpace='rgb', contrast=1.0, depth=0, flipHoriz=False, flipVert=False, image=str(...), interpolate=False, mask=None, maskParams=None, name='unnamed ImageStim', opacity=1.0, ori=0.0, pos=array([ 0.54,  0.  ]), size=array([ 0.8,  1. ]), texRes=256, units=u'norm', win=Window(...))
12.1421 	EXP 	Created unnamed ImageStim = ImageStim(autoLog=True, color=array([ 1.,  1.,  1.]), colorSpace='rgb', contrast=1.0, depth=0, flipHoriz=False, flipVert=False, image='stimuli\\stim_presentation_bulge_task_2.png', interpolate=False, mask=None, maskParams=None, name='unnamed ImageStim', opacity=1.0, ori=0.0, pos=array([ 0.54,  0.  ]), size=array([ 0.8,  1. ]), texRes=256, units=u'norm', win=Window(...))
12.9851 	EXP 	Created unnamed ImageStim = ImageStim(autoLog=True, color=array([ 1.,  1.,  1.]), colorSpace='rgb', contrast=1.0, depth=0, flipHoriz=False, flipVert=False, image=str(...), interpolate=False, mask=None, maskParams=None, name='unnamed ImageStim', opacity=1.0, ori=0.0, pos=array([ 0.54,  0.  ]), size=array([ 0.8,  1. ]), texRes=256, units=u'norm', win=Window(...))
13.9371 	EXP 	Created unnamed ImageStim = ImageStim(autoLog=True, color=array([ 1.,  1.,  1.]), colorSpace='rgb', contrast=1.0, depth=0, flipHoriz=False, flipVert=False, image=str(...), interpolate=False, mask=None, maskParams=None, name='unnamed ImageStim', opacity=1.0, ori=0.0, pos=array([ 0.54,  0.  ]), size=array([ 0.8,  1. ]), texRes=256, units=u'norm', win=Window(...))
13.9945 	EXP 	unnamed TextStim: autoDraw = False
13.9945 	EXP 	unnamed TextStim: autoDraw = False
13.9945 	EXP 	unnamed TextStim: autoDraw = False
13.9945 	EXP 	unnamed TextStim: autoDraw = False
13.9945 	EXP 	unnamed ImageStim: autoDraw = False
13.9945 	EXP 	unnamed ImageStim: autoDraw = False
13.9945 	EXP 	unnamed ImageStim: autoDraw = False
13.9945 	EXP 	unnamed TextStim: autoDraw = True
13.9945 	EXP 	unnamed ImageStim: autoDraw = True
14.0196 	EXP 	unnamed TextStim: autoDraw = False
14.0196 	EXP 	unnamed TextStim: autoDraw = False
14.0196 	EXP 	unnamed TextStim: autoDraw = False
14.0196 	EXP 	unnamed TextStim: autoDraw = False
14.0196 	EXP 	unnamed ImageStim: autoDraw = False
14.0196 	EXP 	unnamed ImageStim: autoDraw = False
14.0196 	EXP 	unnamed ImageStim: autoDraw = False
14.0196 	EXP 	unnamed TextStim: autoDraw = True
14.0196 	EXP 	unnamed ImageStim: autoDraw = True
14.0394 	EXP 	unnamed TextStim: autoDraw = False
14.0394 	EXP 	unnamed TextStim: autoDraw = False
14.0394 	EXP 	unnamed TextStim: autoDraw = False
14.0394 	EXP 	unnamed TextStim: autoDraw = False
14.0394 	EXP 	unnamed ImageStim: autoDraw = False
14.0394 	EXP 	unnamed ImageStim: autoDraw = False
14.0394 	EXP 	unnamed ImageStim: autoDraw = False
14.0394 	EXP 	unnamed TextStim: autoDraw = True
14.0394 	EXP 	unnamed ImageStim: autoDraw = True
14.0559 	EXP 	unnamed TextStim: autoDraw = False
14.0559 	EXP 	unnamed TextStim: autoDraw = False
14.0559 	EXP 	unnamed TextStim: autoDraw = False
14.0559 	EXP 	unnamed TextStim: autoDraw = False
14.0559 	EXP 	unnamed ImageStim: autoDraw = False
14.0559 	EXP 	unnamed ImageStim: autoDraw = False
14.0559 	EXP 	unnamed ImageStim: autoDraw = False
14.0559 	EXP 	unnamed TextStim: autoDraw = True
14.0559 	EXP 	unnamed ImageStim: autoDraw = True
14.0722 	EXP 	unnamed TextStim: autoDraw = False
14.0722 	EXP 	unnamed TextStim: autoDraw = False
14.0722 	EXP 	unnamed TextStim: autoDraw = False
14.0722 	EXP 	unnamed TextStim: autoDraw = False
14.0722 	EXP 	unnamed ImageStim: autoDraw = False
14.0722 	EXP 	unnamed ImageStim: autoDraw = False
14.0722 	EXP 	unnamed ImageStim: autoDraw = False
14.0722 	EXP 	unnamed TextStim: autoDraw = True
14.0722 	EXP 	unnamed ImageStim: autoDraw = True
14.0892 	EXP 	unnamed TextStim: autoDraw = False
14.0892 	EXP 	unnamed TextStim: autoDraw = False
14.0892 	EXP 	unnamed TextStim: autoDraw = False
14.0892 	EXP 	unnamed TextStim: autoDraw = False
14.0892 	EXP 	unnamed ImageStim: autoDraw = False
14.0892 	EXP 	unnamed ImageStim: autoDraw = False
14.0892 	EXP 	unnamed ImageStim: autoDraw = False
14.0892 	EXP 	unnamed TextStim: autoDraw = True
14.0892 	EXP 	unnamed ImageStim: autoDraw = True
14.1057 	EXP 	unnamed TextStim: autoDraw = False
14.1057 	EXP 	unnamed TextStim: autoDraw = False
14.1057 	EXP 	unnamed TextStim: autoDraw = False
14.1057 	EXP 	unnamed TextStim: autoDraw = False
14.1057 	EXP 	unnamed ImageStim: autoDraw = False
14.1057 	EXP 	unnamed ImageStim: autoDraw = False
14.1057 	EXP 	unnamed ImageStim: autoDraw = False
14.1057 	EXP 	unnamed TextStim: autoDraw = True
14.1057 	EXP 	unnamed ImageStim: autoDraw = True
14.1223 	EXP 	unnamed TextStim: autoDraw = False
14.1223 	EXP 	unnamed TextStim: autoDraw = False
14.1223 	EXP 	unnamed TextStim: autoDraw = False
14.1223 	EXP 	unnamed TextStim: autoDraw = False
14.1223 	EXP 	unnamed ImageStim: autoDraw = False
14.1223 	EXP 	unnamed ImageStim: autoDraw = False
14.1223 	EXP 	unnamed ImageStim: autoDraw = False
14.1223 	EXP 	unnamed TextStim: autoDraw = True
14.1223 	EXP 	unnamed ImageStim: autoDraw = True
14.1388 	EXP 	unnamed TextStim: autoDraw = False
14.1388 	EXP 	unnamed TextStim: autoDraw = False
14.1388 	EXP 	unnamed TextStim: autoDraw = False
14.1388 	EXP 	unnamed TextStim: autoDraw = False
14.1388 	EXP 	unnamed ImageStim: autoDraw = False
14.1388 	EXP 	unnamed ImageStim: autoDraw = False
14.1388 	EXP 	unnamed ImageStim: autoDraw = False
14.1388 	EXP 	unnamed TextStim: autoDraw = True
14.1388 	EXP 	unnamed ImageStim: autoDraw = True
14.1550 	EXP 	unnamed TextStim: autoDraw = False
14.1550 	EXP 	unnamed TextStim: autoDraw = False
14.1550 	EXP 	unnamed TextStim: autoDraw = False
14.1550 	EXP 	unnamed TextStim: autoDraw = False
14.1550 	EXP 	unnamed ImageStim: autoDraw = False
14.1550 	EXP 	unnamed ImageStim: autoDraw = False
14.1550 	EXP 	unnamed ImageStim: autoDraw = False
14.1550 	EXP 	unnamed TextStim: autoDraw = True
14.1550 	EXP 	unnamed ImageStim: autoDraw = True
14.1716 	EXP 	unnamed TextStim: autoDraw = False
14.1716 	EXP 	unnamed TextStim: autoDraw = False
14.1716 	EXP 	unnamed TextStim: autoDraw = False
14.1716 	EXP 	unnamed TextStim: autoDraw = False
14.1716 	EXP 	unnamed ImageStim: autoDraw = False
14.1716 	EXP 	unnamed ImageStim: autoDraw = False
14.1716 	EXP 	unnamed ImageStim: autoDraw = False
14.1716 	EXP 	unnamed TextStim: autoDraw = True
14.1716 	EXP 	unnamed ImageStim: autoDraw = True
14.1887 	EXP 	unnamed TextStim: autoDraw = False
14.1887 	EXP 	unnamed TextStim: autoDraw = False
14.1887 	EXP 	unnamed TextStim: autoDraw = False
14.1887 	EXP 	unnamed TextStim: autoDraw = False
14.1887 	EXP 	unnamed ImageStim: autoDraw = False
14.1887 	EXP 	unnamed ImageStim: autoDraw = False
14.1887 	EXP 	unnamed ImageStim: autoDraw = False
14.1887 	EXP 	unnamed TextStim: autoDraw = True
14.1887 	EXP 	unnamed ImageStim: autoDraw = True
14.2061 	EXP 	unnamed TextStim: autoDraw = False
14.2061 	EXP 	unnamed TextStim: autoDraw = False
14.2061 	EXP 	unnamed TextStim: autoDraw = False
14.2061 	EXP 	unnamed TextStim: autoDraw = False
14.2061 	EXP 	unnamed ImageStim: autoDraw = False
14.2061 	EXP 	unnamed ImageStim: autoDraw = False
14.2061 	EXP 	unnamed ImageStim: autoDraw = False
14.2061 	EXP 	unnamed TextStim: autoDraw = True
14.2061 	EXP 	unnamed ImageStim: autoDraw = True
14.2224 	EXP 	unnamed TextStim: autoDraw = False
14.2224 	EXP 	unnamed TextStim: autoDraw = False
14.2224 	EXP 	unnamed TextStim: autoDraw = False
14.2224 	EXP 	unnamed TextStim: autoDraw = False
14.2224 	EXP 	unnamed ImageStim: autoDraw = False
14.2224 	EXP 	unnamed ImageStim: autoDraw = False
14.2224 	EXP 	unnamed ImageStim: autoDraw = False
14.2224 	EXP 	unnamed TextStim: autoDraw = True
14.2224 	EXP 	unnamed ImageStim: autoDraw = True
14.2390 	EXP 	unnamed TextStim: autoDraw = False
14.2390 	EXP 	unnamed TextStim: autoDraw = False
14.2390 	EXP 	unnamed TextStim: autoDraw = False
14.2390 	EXP 	unnamed TextStim: autoDraw = False
14.2390 	EXP 	unnamed ImageStim: autoDraw = False
14.2390 	EXP 	unnamed ImageStim: autoDraw = False
14.2390 	EXP 	unnamed ImageStim: autoDraw = False
14.2390 	EXP 	unnamed TextStim: autoDraw = True
14.2390 	EXP 	unnamed ImageStim: autoDraw = True
14.2558 	EXP 	unnamed TextStim: autoDraw = False
14.2558 	EXP 	unnamed TextStim: autoDraw = False
14.2558 	EXP 	unnamed TextStim: autoDraw = False
14.2558 	EXP 	unnamed TextStim: autoDraw = False
14.2558 	EXP 	unnamed ImageStim: autoDraw = False
14.2558 	EXP 	unnamed ImageStim: autoDraw = False
14.2558 	EXP 	unnamed ImageStim: autoDraw = False
14.2558 	EXP 	unnamed TextStim: autoDraw = True
14.2558 	EXP 	unnamed ImageStim: autoDraw = True
14.2723 	EXP 	unnamed TextStim: autoDraw = False
14.2723 	EXP 	unnamed TextStim: autoDraw = False
14.2723 	EXP 	unnamed TextStim: autoDraw = False
14.2723 	EXP 	unnamed TextStim: autoDraw = False
14.2723 	EXP 	unnamed ImageStim: autoDraw = False
14.2723 	EXP 	unnamed ImageStim: autoDraw = False
14.2723 	EXP 	unnamed ImageStim: autoDraw = False
14.2723 	EXP 	unnamed TextStim: autoDraw = True
14.2723 	EXP 	unnamed ImageStim: autoDraw = True
14.2892 	EXP 	unnamed TextStim: autoDraw = False
14.2892 	EXP 	unnamed TextStim: autoDraw = False
14.2892 	EXP 	unnamed TextStim: autoDraw = False
14.2892 	EXP 	unnamed TextStim: autoDraw = False
14.2892 	EXP 	unnamed ImageStim: autoDraw = False
14.2892 	EXP 	unnamed ImageStim: autoDraw = False
14.2892 	EXP 	unnamed ImageStim: autoDraw = False
14.2892 	EXP 	unnamed TextStim: autoDraw = True
14.2892 	EXP 	unnamed ImageStim: autoDraw = True
14.3056 	EXP 	unnamed TextStim: autoDraw = False
14.3056 	EXP 	unnamed TextStim: autoDraw = False
14.3056 	EXP 	unnamed TextStim: autoDraw = False
14.3056 	EXP 	unnamed TextStim: autoDraw = False
14.3056 	EXP 	unnamed ImageStim: autoDraw = False
14.3056 	EXP 	unnamed ImageStim: autoDraw = False
14.3056 	EXP 	unnamed ImageStim: autoDraw = False
14.3056 	EXP 	unnamed TextStim: autoDraw = True
14.3056 	EXP 	unnamed ImageStim: autoDraw = True
14.3222 	EXP 	unnamed TextStim: autoDraw = False
14.3222 	EXP 	unnamed TextStim: autoDraw = False
14.3222 	EXP 	unnamed TextStim: autoDraw = False
14.3222 	EXP 	unnamed TextStim: autoDraw = False
14.3222 	EXP 	unnamed ImageStim: autoDraw = False
14.3222 	EXP 	unnamed ImageStim: autoDraw = False
14.3222 	EXP 	unnamed ImageStim: autoDraw = False
14.3222 	EXP 	unnamed TextStim: autoDraw = True
14.3222 	EXP 	unnamed ImageStim: autoDraw = True
14.3394 	EXP 	unnamed TextStim: autoDraw = False
14.3394 	EXP 	unnamed TextStim: autoDraw = False
14.3394 	EXP 	unnamed TextStim: autoDraw = False
14.3394 	EXP 	unnamed TextStim: autoDraw = False
14.3394 	EXP 	unnamed ImageStim: autoDraw = False
14.3394 	EXP 	unnamed ImageStim: autoDraw = False
14.3394 	EXP 	unnamed ImageStim: autoDraw = False
14.3394 	EXP 	unnamed TextStim: autoDraw = True
14.3394 	EXP 	unnamed ImageStim: autoDraw = True
14.3558 	EXP 	unnamed TextStim: autoDraw = False
14.3558 	EXP 	unnamed TextStim: autoDraw = False
14.3558 	EXP 	unnamed TextStim: autoDraw = False
14.3558 	EXP 	unnamed TextStim: autoDraw = False
14.3558 	EXP 	unnamed ImageStim: autoDraw = False
14.3558 	EXP 	unnamed ImageStim: autoDraw = False
14.3558 	EXP 	unnamed ImageStim: autoDraw = False
14.3558 	EXP 	unnamed TextStim: autoDraw = True
14.3558 	EXP 	unnamed ImageStim: autoDraw = True
14.3724 	EXP 	unnamed TextStim: autoDraw = False
14.3724 	EXP 	unnamed TextStim: autoDraw = False
14.3724 	EXP 	unnamed TextStim: autoDraw = False
14.3724 	EXP 	unnamed TextStim: autoDraw = False
14.3724 	EXP 	unnamed ImageStim: autoDraw = False
14.3724 	EXP 	unnamed ImageStim: autoDraw = False
14.3724 	EXP 	unnamed ImageStim: autoDraw = False
14.3724 	EXP 	unnamed TextStim: autoDraw = True
14.3724 	EXP 	unnamed ImageStim: autoDraw = True
14.3894 	EXP 	unnamed TextStim: autoDraw = False
14.3894 	EXP 	unnamed TextStim: autoDraw = False
14.3894 	EXP 	unnamed TextStim: autoDraw = False
14.3894 	EXP 	unnamed TextStim: autoDraw = False
14.3894 	EXP 	unnamed ImageStim: autoDraw = False
14.3894 	EXP 	unnamed ImageStim: autoDraw = False
14.3894 	EXP 	unnamed ImageStim: autoDraw = False
14.3894 	EXP 	unnamed TextStim: autoDraw = True
14.3894 	EXP 	unnamed ImageStim: autoDraw = True
14.4058 	EXP 	unnamed TextStim: autoDraw = False
14.4058 	EXP 	unnamed TextStim: autoDraw = False
14.4058 	EXP 	unnamed TextStim: autoDraw = False
14.4058 	EXP 	unnamed TextStim: autoDraw = False
14.4058 	EXP 	unnamed ImageStim: autoDraw = False
14.4058 	EXP 	unnamed ImageStim: autoDraw = False
14.4058 	EXP 	unnamed ImageStim: autoDraw = False
14.4058 	EXP 	unnamed TextStim: autoDraw = True
14.4058 	EXP 	unnamed ImageStim: autoDraw = True
14.4222 	EXP 	unnamed TextStim: autoDraw = False
14.4222 	EXP 	unnamed TextStim: autoDraw = False
14.4222 	EXP 	unnamed TextStim: autoDraw = False
14.4222 	EXP 	unnamed TextStim: autoDraw = False
14.4222 	EXP 	unnamed ImageStim: autoDraw = False
14.4222 	EXP 	unnamed ImageStim: autoDraw = False
14.4222 	EXP 	unnamed ImageStim: autoDraw = False
14.4222 	EXP 	unnamed TextStim: autoDraw = True
14.4222 	EXP 	unnamed ImageStim: autoDraw = True
14.4394 	EXP 	unnamed TextStim: autoDraw = False
14.4394 	EXP 	unnamed TextStim: autoDraw = False
14.4394 	EXP 	unnamed TextStim: autoDraw = False
14.4394 	EXP 	unnamed TextStim: autoDraw = False
14.4394 	EXP 	unnamed ImageStim: autoDraw = False
14.4394 	EXP 	unnamed ImageStim: autoDraw = False
14.4394 	EXP 	unnamed ImageStim: autoDraw = False
14.4394 	EXP 	unnamed TextStim: autoDraw = True
14.4394 	EXP 	unnamed ImageStim: autoDraw = True
14.4557 	EXP 	unnamed TextStim: autoDraw = False
14.4557 	EXP 	unnamed TextStim: autoDraw = False
14.4557 	EXP 	unnamed TextStim: autoDraw = False
14.4557 	EXP 	unnamed TextStim: autoDraw = False
14.4557 	EXP 	unnamed ImageStim: autoDraw = False
14.4557 	EXP 	unnamed ImageStim: autoDraw = False
14.4557 	EXP 	unnamed ImageStim: autoDraw = False
14.4557 	EXP 	unnamed TextStim: autoDraw = True
14.4557 	EXP 	unnamed ImageStim: autoDraw = True
14.4721 	EXP 	unnamed TextStim: autoDraw = False
14.4721 	EXP 	unnamed TextStim: autoDraw = False
14.4721 	EXP 	unnamed TextStim: autoDraw = False
14.4721 	EXP 	unnamed TextStim: autoDraw = False
14.4721 	EXP 	unnamed ImageStim: autoDraw = False
14.4721 	EXP 	unnamed ImageStim: autoDraw = False
14.4721 	EXP 	unnamed ImageStim: autoDraw = False
14.4721 	EXP 	unnamed TextStim: autoDraw = True
14.4721 	EXP 	unnamed ImageStim: autoDraw = True
14.4895 	EXP 	unnamed TextStim: autoDraw = False
14.4895 	EXP 	unnamed TextStim: autoDraw = False
14.4895 	EXP 	unnamed TextStim: autoDraw = False
14.4895 	EXP 	unnamed TextStim: autoDraw = False
14.4895 	EXP 	unnamed ImageStim: autoDraw = False
14.4895 	EXP 	unnamed ImageStim: autoDraw = False
14.4895 	EXP 	unnamed ImageStim: autoDraw = False
14.4895 	EXP 	unnamed TextStim: autoDraw = True
14.4895 	EXP 	unnamed ImageStim: autoDraw = True
14.5058 	EXP 	unnamed TextStim: autoDraw = False
14.5058 	EXP 	unnamed TextStim: autoDraw = False
14.5058 	EXP 	unnamed TextStim: autoDraw = False
14.5058 	EXP 	unnamed TextStim: autoDraw = False
14.5058 	EXP 	unnamed ImageStim: autoDraw = False
14.5058 	EXP 	unnamed ImageStim: autoDraw = False
14.5058 	EXP 	unnamed ImageStim: autoDraw = False
14.5058 	EXP 	unnamed TextStim: autoDraw = True
14.5058 	EXP 	unnamed ImageStim: autoDraw = True
14.5224 	EXP 	unnamed TextStim: autoDraw = False
14.5224 	EXP 	unnamed TextStim: autoDraw = False
14.5224 	EXP 	unnamed TextStim: autoDraw = False
14.5224 	EXP 	unnamed TextStim: autoDraw = False
14.5224 	EXP 	unnamed ImageStim: autoDraw = False
14.5224 	EXP 	unnamed ImageStim: autoDraw = False
14.5224 	EXP 	unnamed ImageStim: autoDraw = False
14.5224 	EXP 	unnamed TextStim: autoDraw = True
14.5224 	EXP 	unnamed ImageStim: autoDraw = True
14.5233 	DATA 	Keypress: space
14.5390 	EXP 	unnamed TextStim: autoDraw = False
14.5390 	EXP 	unnamed TextStim: autoDraw = False
14.5390 	EXP 	unnamed TextStim: autoDraw = False
14.5390 	EXP 	unnamed TextStim: autoDraw = False
14.5390 	EXP 	unnamed ImageStim: autoDraw = False
14.5390 	EXP 	unnamed ImageStim: autoDraw = False
14.5390 	EXP 	unnamed ImageStim: autoDraw = False
14.5390 	EXP 	unnamed TextStim: autoDraw = True
14.5390 	EXP 	unnamed ImageStim: autoDraw = True
14.5555 	EXP 	unnamed TextStim: autoDraw = False
14.5555 	EXP 	unnamed TextStim: autoDraw = False
14.5555 	EXP 	unnamed TextStim: autoDraw = False
14.5555 	EXP 	unnamed TextStim: autoDraw = False
14.5555 	EXP 	unnamed ImageStim: autoDraw = False
14.5555 	EXP 	unnamed ImageStim: autoDraw = False
14.5555 	EXP 	unnamed ImageStim: autoDraw = False
14.5555 	EXP 	unnamed TextStim: autoDraw = True
14.5555 	EXP 	unnamed ImageStim: autoDraw = True
14.5722 	EXP 	unnamed TextStim: autoDraw = False
14.5722 	EXP 	unnamed TextStim: autoDraw = False
14.5722 	EXP 	unnamed TextStim: autoDraw = False
14.5722 	EXP 	unnamed TextStim: autoDraw = False
14.5722 	EXP 	unnamed ImageStim: autoDraw = False
14.5722 	EXP 	unnamed ImageStim: autoDraw = False
14.5722 	EXP 	unnamed ImageStim: autoDraw = False
14.5722 	EXP 	unnamed TextStim: autoDraw = True
14.5722 	EXP 	unnamed ImageStim: autoDraw = True
14.5892 	EXP 	unnamed TextStim: autoDraw = False
14.5892 	EXP 	unnamed TextStim: autoDraw = False
14.5892 	EXP 	unnamed TextStim: autoDraw = False
14.5892 	EXP 	unnamed TextStim: autoDraw = False
14.5892 	EXP 	unnamed ImageStim: autoDraw = False
14.5892 	EXP 	unnamed ImageStim: autoDraw = False
14.5892 	EXP 	unnamed ImageStim: autoDraw = False
14.5892 	EXP 	unnamed TextStim: autoDraw = True
14.5892 	EXP 	unnamed ImageStim: autoDraw = True
14.6057 	EXP 	unnamed TextStim: autoDraw = False
14.6057 	EXP 	unnamed TextStim: autoDraw = False
14.6057 	EXP 	unnamed TextStim: autoDraw = False
14.6057 	EXP 	unnamed TextStim: autoDraw = False
14.6057 	EXP 	unnamed ImageStim: autoDraw = False
14.6057 	EXP 	unnamed ImageStim: autoDraw = False
14.6057 	EXP 	unnamed ImageStim: autoDraw = False
14.6057 	EXP 	unnamed TextStim: autoDraw = True
14.6057 	EXP 	unnamed ImageStim: autoDraw = True
14.6222 	EXP 	unnamed TextStim: autoDraw = False
14.6222 	EXP 	unnamed TextStim: autoDraw = False
14.6222 	EXP 	unnamed TextStim: autoDraw = False
14.6222 	EXP 	unnamed TextStim: autoDraw = False
14.6222 	EXP 	unnamed ImageStim: autoDraw = False
14.6222 	EXP 	unnamed ImageStim: autoDraw = False
14.6222 	EXP 	unnamed ImageStim: autoDraw = False
14.6222 	EXP 	unnamed TextStim: autoDraw = True
14.6222 	EXP 	unnamed ImageStim: autoDraw = True
14.6394 	EXP 	unnamed TextStim: autoDraw = False
14.6394 	EXP 	unnamed TextStim: autoDraw = False
14.6394 	EXP 	unnamed TextStim: autoDraw = False
14.6394 	EXP 	unnamed TextStim: autoDraw = False
14.6394 	EXP 	unnamed ImageStim: autoDraw = False
14.6394 	EXP 	unnamed ImageStim: autoDraw = False
14.6394 	EXP 	unnamed ImageStim: autoDraw = False
14.6394 	EXP 	unnamed TextStim: autoDraw = True
14.6394 	EXP 	unnamed ImageStim: autoDraw = True
14.6557 	EXP 	unnamed TextStim: autoDraw = False
14.6557 	EXP 	unnamed TextStim: autoDraw = False
14.6557 	EXP 	unnamed TextStim: autoDraw = False
14.6557 	EXP 	unnamed TextStim: autoDraw = False
14.6557 	EXP 	unnamed ImageStim: autoDraw = False
14.6557 	EXP 	unnamed ImageStim: autoDraw = False
14.6557 	EXP 	unnamed ImageStim: autoDraw = False
14.6557 	EXP 	unnamed TextStim: autoDraw = True
14.6557 	EXP 	unnamed ImageStim: autoDraw = True
14.6724 	EXP 	unnamed TextStim: autoDraw = False
14.6724 	EXP 	unnamed TextStim: autoDraw = False
14.6724 	EXP 	unnamed TextStim: autoDraw = False
14.6724 	EXP 	unnamed TextStim: autoDraw = False
14.6724 	EXP 	unnamed ImageStim: autoDraw = False
14.6724 	EXP 	unnamed ImageStim: autoDraw = False
14.6724 	EXP 	unnamed ImageStim: autoDraw = False
14.6724 	EXP 	unnamed TextStim: autoDraw = True
14.6724 	EXP 	unnamed ImageStim: autoDraw = True
14.6890 	EXP 	unnamed TextStim: autoDraw = False
14.6890 	EXP 	unnamed TextStim: autoDraw = False
14.6890 	EXP 	unnamed TextStim: autoDraw = False
14.6890 	EXP 	unnamed TextStim: autoDraw = False
14.6890 	EXP 	unnamed ImageStim: autoDraw = False
14.6890 	EXP 	unnamed ImageStim: autoDraw = False
14.6890 	EXP 	unnamed ImageStim: autoDraw = False
14.6890 	EXP 	unnamed TextStim: autoDraw = True
14.6890 	EXP 	unnamed ImageStim: autoDraw = True
14.7053 	EXP 	unnamed TextStim: autoDraw = False
14.7053 	EXP 	unnamed TextStim: autoDraw = False
14.7053 	EXP 	unnamed TextStim: autoDraw = False
14.7053 	EXP 	unnamed TextStim: autoDraw = False
14.7053 	EXP 	unnamed ImageStim: autoDraw = False
14.7053 	EXP 	unnamed ImageStim: autoDraw = False
14.7053 	EXP 	unnamed ImageStim: autoDraw = False
14.7053 	EXP 	unnamed TextStim: autoDraw = True
14.7053 	EXP 	unnamed ImageStim: autoDraw = True
14.7223 	EXP 	unnamed TextStim: autoDraw = False
14.7223 	EXP 	unnamed TextStim: autoDraw = False
14.7223 	EXP 	unnamed TextStim: autoDraw = False
14.7223 	EXP 	unnamed TextStim: autoDraw = False
14.7223 	EXP 	unnamed ImageStim: autoDraw = False
14.7223 	EXP 	unnamed ImageStim: autoDraw = False
14.7223 	EXP 	unnamed ImageStim: autoDraw = False
14.7223 	EXP 	unnamed TextStim: autoDraw = True
14.7223 	EXP 	unnamed ImageStim: autoDraw = True
14.7394 	EXP 	unnamed TextStim: autoDraw = False
14.7394 	EXP 	unnamed TextStim: autoDraw = False
14.7394 	EXP 	unnamed TextStim: autoDraw = False
14.7394 	EXP 	unnamed TextStim: autoDraw = False
14.7394 	EXP 	unnamed ImageStim: autoDraw = False
14.7394 	EXP 	unnamed ImageStim: autoDraw = False
14.7394 	EXP 	unnamed ImageStim: autoDraw = False
14.7394 	EXP 	unnamed TextStim: autoDraw = True
14.7394 	EXP 	unnamed ImageStim: autoDraw = True
14.7559 	EXP 	unnamed TextStim: autoDraw = False
14.7559 	EXP 	unnamed TextStim: autoDraw = False
14.7559 	EXP 	unnamed TextStim: autoDraw = False
14.7559 	EXP 	unnamed TextStim: autoDraw = False
14.7559 	EXP 	unnamed ImageStim: autoDraw = False
14.7559 	EXP 	unnamed ImageStim: autoDraw = False
14.7559 	EXP 	unnamed ImageStim: autoDraw = False
14.7559 	EXP 	unnamed TextStim: autoDraw = True
14.7559 	EXP 	unnamed ImageStim: autoDraw = True
14.7725 	EXP 	unnamed TextStim: autoDraw = False
14.7725 	EXP 	unnamed TextStim: autoDraw = False
14.7725 	EXP 	unnamed TextStim: autoDraw = False
14.7725 	EXP 	unnamed TextStim: autoDraw = False
14.7725 	EXP 	unnamed ImageStim: autoDraw = False
14.7725 	EXP 	unnamed ImageStim: autoDraw = False
14.7725 	EXP 	unnamed ImageStim: autoDraw = False
14.7725 	EXP 	unnamed TextStim: autoDraw = True
14.7725 	EXP 	unnamed ImageStim: autoDraw = True
14.7897 	EXP 	unnamed TextStim: autoDraw = False
14.7897 	EXP 	unnamed TextStim: autoDraw = False
14.7897 	EXP 	unnamed TextStim: autoDraw = False
14.7897 	EXP 	unnamed TextStim: autoDraw = False
14.7897 	EXP 	unnamed ImageStim: autoDraw = False
14.7897 	EXP 	unnamed ImageStim: autoDraw = False
14.7897 	EXP 	unnamed ImageStim: autoDraw = False
14.7897 	EXP 	unnamed TextStim: autoDraw = True
14.7897 	EXP 	unnamed ImageStim: autoDraw = True
14.8060 	EXP 	unnamed TextStim: autoDraw = False
14.8060 	EXP 	unnamed TextStim: autoDraw = False
14.8060 	EXP 	unnamed TextStim: autoDraw = False
14.8060 	EXP 	unnamed TextStim: autoDraw = False
14.8060 	EXP 	unnamed ImageStim: autoDraw = False
14.8060 	EXP 	unnamed ImageStim: autoDraw = False
14.8060 	EXP 	unnamed ImageStim: autoDraw = False
14.8060 	EXP 	unnamed TextStim: autoDraw = True
14.8060 	EXP 	unnamed ImageStim: autoDraw = True
14.8224 	EXP 	unnamed TextStim: autoDraw = False
14.8224 	EXP 	unnamed TextStim: autoDraw = False
14.8224 	EXP 	unnamed TextStim: autoDraw = False
14.8224 	EXP 	unnamed TextStim: autoDraw = False
14.8224 	EXP 	unnamed ImageStim: autoDraw = False
14.8224 	EXP 	unnamed ImageStim: autoDraw = False
14.8224 	EXP 	unnamed ImageStim: autoDraw = False
14.8224 	EXP 	unnamed TextStim: autoDraw = True
14.8224 	EXP 	unnamed ImageStim: autoDraw = True
14.8393 	EXP 	unnamed TextStim: autoDraw = False
14.8393 	EXP 	unnamed TextStim: autoDraw = False
14.8393 	EXP 	unnamed TextStim: autoDraw = False
14.8393 	EXP 	unnamed TextStim: autoDraw = False
14.8393 	EXP 	unnamed ImageStim: autoDraw = False
14.8393 	EXP 	unnamed ImageStim: autoDraw = False
14.8393 	EXP 	unnamed ImageStim: autoDraw = False
14.8393 	EXP 	unnamed TextStim: autoDraw = True
14.8393 	EXP 	unnamed ImageStim: autoDraw = True
14.8558 	EXP 	unnamed TextStim: autoDraw = False
14.8558 	EXP 	unnamed TextStim: autoDraw = False
14.8558 	EXP 	unnamed TextStim: autoDraw = False
14.8558 	EXP 	unnamed TextStim: autoDraw = False
14.8558 	EXP 	unnamed ImageStim: autoDraw = False
14.8558 	EXP 	unnamed ImageStim: autoDraw = False
14.8558 	EXP 	unnamed ImageStim: autoDraw = False
14.8558 	EXP 	unnamed TextStim: autoDraw = True
14.8558 	EXP 	unnamed ImageStim: autoDraw = True
14.8725 	EXP 	unnamed TextStim: autoDraw = False
14.8725 	EXP 	unnamed TextStim: autoDraw = False
14.8725 	EXP 	unnamed TextStim: autoDraw = False
14.8725 	EXP 	unnamed TextStim: autoDraw = False
14.8725 	EXP 	unnamed ImageStim: autoDraw = False
14.8725 	EXP 	unnamed ImageStim: autoDraw = False
14.8725 	EXP 	unnamed ImageStim: autoDraw = False
14.8725 	EXP 	unnamed TextStim: autoDraw = True
14.8725 	EXP 	unnamed ImageStim: autoDraw = True
14.8754 	DATA 	Keypress: space
14.8894 	EXP 	unnamed TextStim: autoDraw = False
14.8894 	EXP 	unnamed TextStim: autoDraw = False
14.8894 	EXP 	unnamed TextStim: autoDraw = False
14.8894 	EXP 	unnamed TextStim: autoDraw = False
14.8894 	EXP 	unnamed ImageStim: autoDraw = False
14.8894 	EXP 	unnamed ImageStim: autoDraw = False
14.8894 	EXP 	unnamed ImageStim: autoDraw = False
14.8894 	EXP 	unnamed TextStim: autoDraw = True
14.8894 	EXP 	unnamed ImageStim: autoDraw = True
14.9057 	EXP 	unnamed TextStim: autoDraw = False
14.9057 	EXP 	unnamed TextStim: autoDraw = False
14.9057 	EXP 	unnamed TextStim: autoDraw = False
14.9057 	EXP 	unnamed ImageStim: autoDraw = False
14.9057 	EXP 	unnamed ImageStim: autoDraw = False
14.9057 	EXP 	unnamed TextStim: autoDraw = True
14.9057 	EXP 	unnamed ImageStim: autoDraw = True
14.9225 	EXP 	unnamed TextStim: autoDraw = False
14.9225 	EXP 	unnamed TextStim: autoDraw = False
14.9225 	EXP 	unnamed TextStim: autoDraw = False
14.9225 	EXP 	unnamed ImageStim: autoDraw = False
14.9225 	EXP 	unnamed ImageStim: autoDraw = False
14.9225 	EXP 	unnamed TextStim: autoDraw = True
14.9225 	EXP 	unnamed ImageStim: autoDraw = True
14.9396 	EXP 	unnamed TextStim: autoDraw = False
14.9396 	EXP 	unnamed TextStim: autoDraw = False
14.9396 	EXP 	unnamed TextStim: autoDraw = False
14.9396 	EXP 	unnamed ImageStim: autoDraw = False
14.9396 	EXP 	unnamed ImageStim: autoDraw = False
14.9396 	EXP 	unnamed TextStim: autoDraw = True
14.9396 	EXP 	unnamed ImageStim: autoDraw = True
14.9559 	EXP 	unnamed TextStim: autoDraw = False
14.9559 	EXP 	unnamed TextStim: autoDraw = False
14.9559 	EXP 	unnamed TextStim: autoDraw = False
14.9559 	EXP 	unnamed ImageStim: autoDraw = False
14.9559 	EXP 	unnamed ImageStim: autoDraw = False
14.9559 	EXP 	unnamed TextStim: autoDraw = True
14.9559 	EXP 	unnamed ImageStim: autoDraw = True
14.9725 	EXP 	unnamed TextStim: autoDraw = False
14.9725 	EXP 	unnamed TextStim: autoDraw = False
14.9725 	EXP 	unnamed TextStim: autoDraw = False
14.9725 	EXP 	unnamed ImageStim: autoDraw = False
14.9725 	EXP 	unnamed ImageStim: autoDraw = False
14.9725 	EXP 	unnamed TextStim: autoDraw = True
14.9725 	EXP 	unnamed ImageStim: autoDraw = True
14.9893 	EXP 	unnamed TextStim: autoDraw = False
14.9893 	EXP 	unnamed TextStim: autoDraw = False
14.9893 	EXP 	unnamed TextStim: autoDraw = False
14.9893 	EXP 	unnamed ImageStim: autoDraw = False
14.9893 	EXP 	unnamed ImageStim: autoDraw = False
14.9893 	EXP 	unnamed TextStim: autoDraw = True
14.9893 	EXP 	unnamed ImageStim: autoDraw = True
15.0061 	EXP 	unnamed TextStim: autoDraw = False
15.0061 	EXP 	unnamed TextStim: autoDraw = False
15.0061 	EXP 	unnamed TextStim: autoDraw = False
15.0061 	EXP 	unnamed ImageStim: autoDraw = False
15.0061 	EXP 	unnamed ImageStim: autoDraw = False
15.0061 	EXP 	unnamed TextStim: autoDraw = True
15.0061 	EXP 	unnamed ImageStim: autoDraw = True
15.0225 	EXP 	unnamed TextStim: autoDraw = False
15.0225 	EXP 	unnamed TextStim: autoDraw = False
15.0225 	EXP 	unnamed TextStim: autoDraw = False
15.0225 	EXP 	unnamed ImageStim: autoDraw = False
15.0225 	EXP 	unnamed ImageStim: autoDraw = False
15.0225 	EXP 	unnamed TextStim: autoDraw = True
15.0225 	EXP 	unnamed ImageStim: autoDraw = True
15.0396 	EXP 	unnamed TextStim: autoDraw = False
15.0396 	EXP 	unnamed TextStim: autoDraw = False
15.0396 	EXP 	unnamed TextStim: autoDraw = False
15.0396 	EXP 	unnamed ImageStim: autoDraw = False
15.0396 	EXP 	unnamed ImageStim: autoDraw = False
15.0396 	EXP 	unnamed TextStim: autoDraw = True
15.0396 	EXP 	unnamed ImageStim: autoDraw = True
15.0558 	EXP 	unnamed TextStim: autoDraw = False
15.0558 	EXP 	unnamed TextStim: autoDraw = False
15.0558 	EXP 	unnamed TextStim: autoDraw = False
15.0558 	EXP 	unnamed ImageStim: autoDraw = False
15.0558 	EXP 	unnamed ImageStim: autoDraw = False
15.0558 	EXP 	unnamed TextStim: autoDraw = True
15.0558 	EXP 	unnamed ImageStim: autoDraw = True
15.0725 	EXP 	unnamed TextStim: autoDraw = False
15.0725 	EXP 	unnamed TextStim: autoDraw = False
15.0725 	EXP 	unnamed TextStim: autoDraw = False
15.0725 	EXP 	unnamed ImageStim: autoDraw = False
15.0725 	EXP 	unnamed ImageStim: autoDraw = False
15.0725 	EXP 	unnamed TextStim: autoDraw = True
15.0725 	EXP 	unnamed ImageStim: autoDraw = True
15.0894 	EXP 	unnamed TextStim: autoDraw = False
15.0894 	EXP 	unnamed TextStim: autoDraw = False
15.0894 	EXP 	unnamed TextStim: autoDraw = False
15.0894 	EXP 	unnamed ImageStim: autoDraw = False
15.0894 	EXP 	unnamed ImageStim: autoDraw = False
15.0894 	EXP 	unnamed TextStim: autoDraw = True
15.0894 	EXP 	unnamed ImageStim: autoDraw = True
15.1058 	EXP 	unnamed TextStim: autoDraw = False
15.1058 	EXP 	unnamed TextStim: autoDraw = False
15.1058 	EXP 	unnamed TextStim: autoDraw = False
15.1058 	EXP 	unnamed ImageStim: autoDraw = False
15.1058 	EXP 	unnamed ImageStim: autoDraw = False
15.1058 	EXP 	unnamed TextStim: autoDraw = True
15.1058 	EXP 	unnamed ImageStim: autoDraw = True
15.1226 	EXP 	unnamed TextStim: autoDraw = False
15.1226 	EXP 	unnamed TextStim: autoDraw = False
15.1226 	EXP 	unnamed TextStim: autoDraw = False
15.1226 	EXP 	unnamed ImageStim: autoDraw = False
15.1226 	EXP 	unnamed ImageStim: autoDraw = False
15.1226 	EXP 	unnamed TextStim: autoDraw = True
15.1226 	EXP 	unnamed ImageStim: autoDraw = True
15.1396 	EXP 	unnamed TextStim: autoDraw = False
15.1396 	EXP 	unnamed TextStim: autoDraw = False
15.1396 	EXP 	unnamed TextStim: autoDraw = False
15.1396 	EXP 	unnamed ImageStim: autoDraw = False
15.1396 	EXP 	unnamed ImageStim: autoDraw = False
15.1396 	EXP 	unnamed TextStim: autoDraw = True
15.1396 	EXP 	unnamed ImageStim: autoDraw = True
15.1559 	EXP 	unnamed TextStim: autoDraw = False
15.1559 	EXP 	unnamed TextStim: autoDraw = False
15.1559 	EXP 	unnamed TextStim: autoDraw = False
15.1559 	EXP 	unnamed ImageStim: autoDraw = False
15.1559 	EXP 	unnamed ImageStim: autoDraw = False
15.1559 	EXP 	unnamed TextStim: autoDraw = True
15.1559 	EXP 	unnamed ImageStim: autoDraw = True
15.1725 	EXP 	unnamed TextStim: autoDraw = False
15.1725 	EXP 	unnamed TextStim: autoDraw = False
15.1725 	EXP 	unnamed TextStim: autoDraw = False
15.1725 	EXP 	unnamed ImageStim: autoDraw = False
15.1725 	EXP 	unnamed ImageStim: autoDraw = False
15.1725 	EXP 	unnamed TextStim: autoDraw = True
15.1725 	EXP 	unnamed ImageStim: autoDraw = True
15.1895 	EXP 	unnamed TextStim: autoDraw = False
15.1895 	EXP 	unnamed TextStim: autoDraw = False
15.1895 	EXP 	unnamed TextStim: autoDraw = False
15.1895 	EXP 	unnamed ImageStim: autoDraw = False
15.1895 	EXP 	unnamed ImageStim: autoDraw = False
15.1895 	EXP 	unnamed TextStim: autoDraw = True
15.1895 	EXP 	unnamed ImageStim: autoDraw = True
15.2060 	EXP 	unnamed TextStim: autoDraw = False
15.2060 	EXP 	unnamed TextStim: autoDraw = False
15.2060 	EXP 	unnamed TextStim: autoDraw = False
15.2060 	EXP 	unnamed ImageStim: autoDraw = False
15.2060 	EXP 	unnamed ImageStim: autoDraw = False
15.2060 	EXP 	unnamed TextStim: autoDraw = True
15.2060 	EXP 	unnamed ImageStim: autoDraw = True
15.2225 	EXP 	unnamed TextStim: autoDraw = False
15.2225 	EXP 	unnamed TextStim: autoDraw = False
15.2225 	EXP 	unnamed TextStim: autoDraw = False
15.2225 	EXP 	unnamed ImageStim: autoDraw = False
15.2225 	EXP 	unnamed ImageStim: autoDraw = False
15.2225 	EXP 	unnamed TextStim: autoDraw = True
15.2225 	EXP 	unnamed ImageStim: autoDraw = True
15.2393 	EXP 	unnamed TextStim: autoDraw = False
15.2393 	EXP 	unnamed TextStim: autoDraw = False
15.2393 	EXP 	unnamed TextStim: autoDraw = False
15.2393 	EXP 	unnamed ImageStim: autoDraw = False
15.2393 	EXP 	unnamed ImageStim: autoDraw = False
15.2393 	EXP 	unnamed TextStim: autoDraw = True
15.2393 	EXP 	unnamed ImageStim: autoDraw = True
15.2403 	DATA 	Keypress: space
15.2578 	EXP 	unnamed TextStim: autoDraw = False
15.2578 	EXP 	unnamed TextStim: autoDraw = False
15.2578 	EXP 	unnamed ImageStim: autoDraw = False
15.2578 	EXP 	unnamed TextStim: autoDraw = True
15.2578 	EXP 	unnamed ImageStim: autoDraw = True
15.2725 	EXP 	unnamed TextStim: autoDraw = False
15.2725 	EXP 	unnamed TextStim: autoDraw = False
15.2725 	EXP 	unnamed ImageStim: autoDraw = False
15.2725 	EXP 	unnamed TextStim: autoDraw = True
15.2725 	EXP 	unnamed ImageStim: autoDraw = True
15.2896 	EXP 	unnamed TextStim: autoDraw = False
15.2896 	EXP 	unnamed TextStim: autoDraw = False
15.2896 	EXP 	unnamed ImageStim: autoDraw = False
15.2896 	EXP 	unnamed TextStim: autoDraw = True
15.2896 	EXP 	unnamed ImageStim: autoDraw = True
15.3058 	EXP 	unnamed TextStim: autoDraw = False
15.3058 	EXP 	unnamed TextStim: autoDraw = False
15.3058 	EXP 	unnamed ImageStim: autoDraw = False
15.3058 	EXP 	unnamed TextStim: autoDraw = True
15.3058 	EXP 	unnamed ImageStim: autoDraw = True
15.3225 	EXP 	unnamed TextStim: autoDraw = False
15.3225 	EXP 	unnamed TextStim: autoDraw = False
15.3225 	EXP 	unnamed ImageStim: autoDraw = False
15.3225 	EXP 	unnamed TextStim: autoDraw = True
15.3225 	EXP 	unnamed ImageStim: autoDraw = True
15.3395 	EXP 	unnamed TextStim: autoDraw = False
15.3395 	EXP 	unnamed TextStim: autoDraw = False
15.3395 	EXP 	unnamed ImageStim: autoDraw = False
15.3395 	EXP 	unnamed TextStim: autoDraw = True
15.3395 	EXP 	unnamed ImageStim: autoDraw = True
15.3559 	EXP 	unnamed TextStim: autoDraw = False
15.3559 	EXP 	unnamed TextStim: autoDraw = False
15.3559 	EXP 	unnamed ImageStim: autoDraw = False
15.3559 	EXP 	unnamed TextStim: autoDraw = True
15.3559 	EXP 	unnamed ImageStim: autoDraw = True
15.3724 	EXP 	unnamed TextStim: autoDraw = False
15.3724 	EXP 	unnamed TextStim: autoDraw = False
15.3724 	EXP 	unnamed ImageStim: autoDraw = False
15.3724 	EXP 	unnamed TextStim: autoDraw = True
15.3724 	EXP 	unnamed ImageStim: autoDraw = True
15.3894 	EXP 	unnamed TextStim: autoDraw = False
15.3894 	EXP 	unnamed TextStim: autoDraw = False
15.3894 	EXP 	unnamed ImageStim: autoDraw = False
15.3894 	EXP 	unnamed TextStim: autoDraw = True
15.3894 	EXP 	unnamed ImageStim: autoDraw = True
15.4057 	EXP 	unnamed TextStim: autoDraw = False
15.4057 	EXP 	unnamed TextStim: autoDraw = False
15.4057 	EXP 	unnamed ImageStim: autoDraw = False
15.4057 	EXP 	unnamed TextStim: autoDraw = True
15.4057 	EXP 	unnamed ImageStim: autoDraw = True
15.4216 	EXP 	unnamed TextStim: autoDraw = False
15.4216 	EXP 	unnamed TextStim: autoDraw = False
15.4216 	EXP 	unnamed ImageStim: autoDraw = False
15.4216 	EXP 	unnamed TextStim: autoDraw = True
15.4216 	EXP 	unnamed ImageStim: autoDraw = True
15.4384 	EXP 	unnamed TextStim: autoDraw = False
15.4384 	EXP 	unnamed TextStim: autoDraw = False
15.4384 	EXP 	unnamed ImageStim: autoDraw = False
15.4384 	EXP 	unnamed TextStim: autoDraw = True
15.4384 	EXP 	unnamed ImageStim: autoDraw = True
15.4550 	EXP 	unnamed TextStim: autoDraw = False
15.4550 	EXP 	unnamed TextStim: autoDraw = False
15.4550 	EXP 	unnamed ImageStim: autoDraw = False
15.4550 	EXP 	unnamed TextStim: autoDraw = True
15.4550 	EXP 	unnamed ImageStim: autoDraw = True
15.4718 	EXP 	unnamed TextStim: autoDraw = False
15.4718 	EXP 	unnamed TextStim: autoDraw = False
15.4718 	EXP 	unnamed ImageStim: autoDraw = False
15.4718 	EXP 	unnamed TextStim: autoDraw = True
15.4718 	EXP 	unnamed ImageStim: autoDraw = True
15.4895 	EXP 	unnamed TextStim: autoDraw = False
15.4895 	EXP 	unnamed TextStim: autoDraw = False
15.4895 	EXP 	unnamed ImageStim: autoDraw = False
15.4895 	EXP 	unnamed TextStim: autoDraw = True
15.4895 	EXP 	unnamed ImageStim: autoDraw = True
15.5057 	EXP 	unnamed TextStim: autoDraw = False
15.5057 	EXP 	unnamed TextStim: autoDraw = False
15.5057 	EXP 	unnamed ImageStim: autoDraw = False
15.5057 	EXP 	unnamed TextStim: autoDraw = True
15.5057 	EXP 	unnamed ImageStim: autoDraw = True
15.5224 	EXP 	unnamed TextStim: autoDraw = False
15.5224 	EXP 	unnamed TextStim: autoDraw = False
15.5224 	EXP 	unnamed ImageStim: autoDraw = False
15.5224 	EXP 	unnamed TextStim: autoDraw = True
15.5224 	EXP 	unnamed ImageStim: autoDraw = True
15.5395 	EXP 	unnamed TextStim: autoDraw = False
15.5395 	EXP 	unnamed TextStim: autoDraw = False
15.5395 	EXP 	unnamed ImageStim: autoDraw = False
15.5395 	EXP 	unnamed TextStim: autoDraw = True
15.5395 	EXP 	unnamed ImageStim: autoDraw = True
15.5561 	EXP 	unnamed TextStim: autoDraw = False
15.5561 	EXP 	unnamed TextStim: autoDraw = False
15.5561 	EXP 	unnamed ImageStim: autoDraw = False
15.5561 	EXP 	unnamed TextStim: autoDraw = True
15.5561 	EXP 	unnamed ImageStim: autoDraw = True
15.5725 	EXP 	unnamed TextStim: autoDraw = False
15.5725 	EXP 	unnamed TextStim: autoDraw = False
15.5725 	EXP 	unnamed ImageStim: autoDraw = False
15.5725 	EXP 	unnamed TextStim: autoDraw = True
15.5725 	EXP 	unnamed ImageStim: autoDraw = True
15.5894 	EXP 	unnamed TextStim: autoDraw = False
15.5894 	EXP 	unnamed TextStim: autoDraw = False
15.5894 	EXP 	unnamed ImageStim: autoDraw = False
15.5894 	EXP 	unnamed TextStim: autoDraw = True
15.5894 	EXP 	unnamed ImageStim: autoDraw = True
15.6058 	EXP 	unnamed TextStim: autoDraw = False
15.6058 	EXP 	unnamed TextStim: autoDraw = False
15.6058 	EXP 	unnamed ImageStim: autoDraw = False
15.6058 	EXP 	unnamed TextStim: autoDraw = True
15.6058 	EXP 	unnamed ImageStim: autoDraw = True
15.6225 	EXP 	unnamed TextStim: autoDraw = False
15.6225 	EXP 	unnamed TextStim: autoDraw = False
15.6225 	EXP 	unnamed ImageStim: autoDraw = False
15.6225 	EXP 	unnamed TextStim: autoDraw = True
15.6225 	EXP 	unnamed ImageStim: autoDraw = True
15.6396 	EXP 	unnamed TextStim: autoDraw = False
15.6396 	EXP 	unnamed TextStim: autoDraw = False
15.6396 	EXP 	unnamed ImageStim: autoDraw = False
15.6396 	EXP 	unnamed TextStim: autoDraw = True
15.6396 	EXP 	unnamed ImageStim: autoDraw = True
15.6558 	EXP 	unnamed TextStim: autoDraw = False
15.6558 	EXP 	unnamed TextStim: autoDraw = False
15.6558 	EXP 	unnamed ImageStim: autoDraw = False
15.6558 	EXP 	unnamed TextStim: autoDraw = True
15.6558 	EXP 	unnamed ImageStim: autoDraw = True
15.6724 	EXP 	unnamed TextStim: autoDraw = False
15.6724 	EXP 	unnamed TextStim: autoDraw = False
15.6724 	EXP 	unnamed ImageStim: autoDraw = False
15.6724 	EXP 	unnamed TextStim: autoDraw = True
15.6724 	EXP 	unnamed ImageStim: autoDraw = True
15.6894 	EXP 	unnamed TextStim: autoDraw = False
15.6894 	EXP 	unnamed TextStim: autoDraw = False
15.6894 	EXP 	unnamed ImageStim: autoDraw = False
15.6894 	EXP 	unnamed TextStim: autoDraw = True
15.6894 	EXP 	unnamed ImageStim: autoDraw = True
15.7059 	EXP 	unnamed TextStim: autoDraw = False
15.7059 	EXP 	unnamed TextStim: autoDraw = False
15.7059 	EXP 	unnamed ImageStim: autoDraw = False
15.7059 	EXP 	unnamed TextStim: autoDraw = True
15.7059 	EXP 	unnamed ImageStim: autoDraw = True
15.7225 	EXP 	unnamed TextStim: autoDraw = False
15.7225 	EXP 	unnamed TextStim: autoDraw = False
15.7225 	EXP 	unnamed ImageStim: autoDraw = False
15.7225 	EXP 	unnamed TextStim: autoDraw = True
15.7225 	EXP 	unnamed ImageStim: autoDraw = True
15.7395 	EXP 	unnamed TextStim: autoDraw = False
15.7395 	EXP 	unnamed TextStim: autoDraw = False
15.7395 	EXP 	unnamed ImageStim: autoDraw = False
15.7395 	EXP 	unnamed TextStim: autoDraw = True
15.7395 	EXP 	unnamed ImageStim: autoDraw = True
15.7559 	EXP 	unnamed TextStim: autoDraw = False
15.7559 	EXP 	unnamed TextStim: autoDraw = False
15.7559 	EXP 	unnamed ImageStim: autoDraw = False
15.7559 	EXP 	unnamed TextStim: autoDraw = True
15.7559 	EXP 	unnamed ImageStim: autoDraw = True
15.7724 	EXP 	unnamed TextStim: autoDraw = False
15.7724 	EXP 	unnamed TextStim: autoDraw = False
15.7724 	EXP 	unnamed ImageStim: autoDraw = False
15.7724 	EXP 	unnamed TextStim: autoDraw = True
15.7724 	EXP 	unnamed ImageStim: autoDraw = True
15.7896 	EXP 	unnamed TextStim: autoDraw = False
15.7896 	EXP 	unnamed TextStim: autoDraw = False
15.7896 	EXP 	unnamed ImageStim: autoDraw = False
15.7896 	EXP 	unnamed TextStim: autoDraw = True
15.7896 	EXP 	unnamed ImageStim: autoDraw = True
15.8058 	EXP 	unnamed TextStim: autoDraw = False
15.8058 	EXP 	unnamed TextStim: autoDraw = False
15.8058 	EXP 	unnamed ImageStim: autoDraw = False
15.8058 	EXP 	unnamed TextStim: autoDraw = True
15.8058 	EXP 	unnamed ImageStim: autoDraw = True
15.8225 	EXP 	unnamed TextStim: autoDraw = False
15.8225 	EXP 	unnamed TextStim: autoDraw = False
15.8225 	EXP 	unnamed ImageStim: autoDraw = False
15.8225 	EXP 	unnamed TextStim: autoDraw = True
15.8225 	EXP 	unnamed ImageStim: autoDraw = True
15.8235 	DATA 	Keypress: space
15.8563 	EXP 	unnamed TextStim: autoDraw = False
15.8563 	EXP 	unnamed ImageStim: autoDraw = False
15.8563 	EXP 	unnamed TextStim: autoDraw = True
15.8653 	EXP 	unnamed TextStim: autoDraw = False
15.8653 	EXP 	unnamed ImageStim: autoDraw = False
15.8653 	EXP 	unnamed TextStim: autoDraw = True
15.8861 	EXP 	unnamed TextStim: autoDraw = False
15.8861 	EXP 	unnamed ImageStim: autoDraw = False
15.8861 	EXP 	unnamed TextStim: autoDraw = True
15.9075 	EXP 	unnamed TextStim: autoDraw = False
15.9075 	EXP 	unnamed ImageStim: autoDraw = False
15.9075 	EXP 	unnamed TextStim: autoDraw = True
15.9225 	EXP 	unnamed TextStim: autoDraw = False
15.9225 	EXP 	unnamed ImageStim: autoDraw = False
15.9225 	EXP 	unnamed TextStim: autoDraw = True
15.9394 	EXP 	unnamed TextStim: autoDraw = False
15.9394 	EXP 	unnamed ImageStim: autoDraw = False
15.9394 	EXP 	unnamed TextStim: autoDraw = True
15.9560 	EXP 	unnamed TextStim: autoDraw = False
15.9560 	EXP 	unnamed ImageStim: autoDraw = False
15.9560 	EXP 	unnamed TextStim: autoDraw = True
15.9725 	EXP 	unnamed TextStim: autoDraw = False
15.9725 	EXP 	unnamed ImageStim: autoDraw = False
15.9725 	EXP 	unnamed TextStim: autoDraw = True
15.9895 	EXP 	unnamed TextStim: autoDraw = False
15.9895 	EXP 	unnamed ImageStim: autoDraw = False
15.9895 	EXP 	unnamed TextStim: autoDraw = True
16.0059 	EXP 	unnamed TextStim: autoDraw = False
16.0059 	EXP 	unnamed ImageStim: autoDraw = False
16.0059 	EXP 	unnamed TextStim: autoDraw = True
16.0224 	EXP 	unnamed TextStim: autoDraw = False
16.0224 	EXP 	unnamed ImageStim: autoDraw = False
16.0224 	EXP 	unnamed TextStim: autoDraw = True
16.0396 	EXP 	unnamed TextStim: autoDraw = False
16.0396 	EXP 	unnamed ImageStim: autoDraw = False
16.0396 	EXP 	unnamed TextStim: autoDraw = True
16.0562 	EXP 	unnamed TextStim: autoDraw = False
16.0562 	EXP 	unnamed ImageStim: autoDraw = False
16.0562 	EXP 	unnamed TextStim: autoDraw = True
16.0724 	EXP 	unnamed TextStim: autoDraw = False
16.0724 	EXP 	unnamed ImageStim: autoDraw = False
16.0724 	EXP 	unnamed TextStim: autoDraw = True
16.0895 	EXP 	unnamed TextStim: autoDraw = False
16.0895 	EXP 	unnamed ImageStim: autoDraw = False
16.0895 	EXP 	unnamed TextStim: autoDraw = True
16.1060 	EXP 	unnamed TextStim: autoDraw = False
16.1060 	EXP 	unnamed ImageStim: autoDraw = False
16.1060 	EXP 	unnamed TextStim: autoDraw = True
16.1225 	EXP 	unnamed TextStim: autoDraw = False
16.1225 	EXP 	unnamed ImageStim: autoDraw = False
16.1225 	EXP 	unnamed TextStim: autoDraw = True
16.1398 	EXP 	unnamed TextStim: autoDraw = False
16.1398 	EXP 	unnamed ImageStim: autoDraw = False
16.1398 	EXP 	unnamed TextStim: autoDraw = True
16.1558 	EXP 	unnamed TextStim: autoDraw = False
16.1558 	EXP 	unnamed ImageStim: autoDraw = False
16.1558 	EXP 	unnamed TextStim: autoDraw = True
16.1725 	EXP 	unnamed TextStim: autoDraw = False
16.1725 	EXP 	unnamed ImageStim: autoDraw = False
16.1725 	EXP 	unnamed TextStim: autoDraw = True
16.1893 	EXP 	unnamed TextStim: autoDraw = False
16.1893 	EXP 	unnamed ImageStim: autoDraw = False
16.1893 	EXP 	unnamed TextStim: autoDraw = True
16.2062 	EXP 	unnamed TextStim: autoDraw = False
16.2062 	EXP 	unnamed ImageStim: autoDraw = False
16.2062 	EXP 	unnamed TextStim: autoDraw = True
16.2225 	EXP 	unnamed TextStim: autoDraw = False
16.2225 	EXP 	unnamed ImageStim: autoDraw = False
16.2225 	EXP 	unnamed TextStim: autoDraw = True
16.2394 	EXP 	unnamed TextStim: autoDraw = False
16.2394 	EXP 	unnamed ImageStim: autoDraw = False
16.2394 	EXP 	unnamed TextStim: autoDraw = True
16.2564 	EXP 	unnamed TextStim: autoDraw = False
16.2564 	EXP 	unnamed ImageStim: autoDraw = False
16.2564 	EXP 	unnamed TextStim: autoDraw = True
16.2724 	EXP 	unnamed TextStim: autoDraw = False
16.2724 	EXP 	unnamed ImageStim: autoDraw = False
16.2724 	EXP 	unnamed TextStim: autoDraw = True
16.2893 	EXP 	unnamed TextStim: autoDraw = False
16.2893 	EXP 	unnamed ImageStim: autoDraw = False
16.2893 	EXP 	unnamed TextStim: autoDraw = True
16.3060 	EXP 	unnamed TextStim: autoDraw = False
16.3060 	EXP 	unnamed ImageStim: autoDraw = False
16.3060 	EXP 	unnamed TextStim: autoDraw = True
16.3224 	EXP 	unnamed TextStim: autoDraw = False
16.3224 	EXP 	unnamed ImageStim: autoDraw = False
16.3224 	EXP 	unnamed TextStim: autoDraw = True
16.3397 	EXP 	unnamed TextStim: autoDraw = False
16.3397 	EXP 	unnamed ImageStim: autoDraw = False
16.3397 	EXP 	unnamed TextStim: autoDraw = True
16.3406 	DATA 	Keypress: space
16.3558 	EXP 	unnamed TextStim: autoDraw = False
17.8894 	EXP 	unnamed ShapeStim: autoDraw = True
17.8894 	EXP 	unnamed Rect: opacity = 0.11900000000000001
17.8894 	EXP 	unnamed Rect: pos = array([[-365.,  -79.]])
17.8894 	EXP 	unnamed Rect: pos = array([ 280.,    0.])
19.0562 	EXP 	unnamed Rect: autoDraw = True
19.0562 	EXP 	unnamed Rect: autoDraw = True
19.8058 	EXP 	unnamed Rect: autoDraw = True
19.8399 	EXP 	unnamed Rect: autoDraw = False
20.4400 	EXP 	unnamed Rect: autoDraw = True
20.4727 	EXP 	unnamed Rect: autoDraw = False
20.8072 	DATA 	Keypress: a
20.8156 	EXP 	Set  sound=stimuli\ding.wav
20.8177 	EXP 	Sound  started
20.8314 	EXP 	unnamed Rect: autoDraw = False
20.8314 	EXP 	unnamed Rect: autoDraw = False
20.8314 	EXP 	unnamed Rect: autoDraw = False
20.8314 	EXP 	unnamed ShapeStim: autoDraw = False
20.8314 	EXP 	unnamed ShapeStim: autoDraw = True
20.8314 	EXP 	unnamed Rect: opacity = 0.11900000000000001
20.8314 	EXP 	unnamed Rect: pos = array([[ 270.,  -41.]])
20.8314 	EXP 	unnamed Rect: pos = array([-280.,    0.])
22.0396 	EXP 	unnamed Rect: autoDraw = True
22.0396 	EXP 	unnamed Rect: autoDraw = True
22.7729 	EXP 	unnamed Rect: autoDraw = True
22.8050 	EXP 	unnamed Rect: autoDraw = False
23.2225 	EXP 	unnamed Rect: autoDraw = True
23.2561 	EXP 	unnamed Rect: autoDraw = False
23.5572 	DATA 	Keypress: l
23.5620 	EXP 	Set  sound=stimuli\ding.wav
23.5638 	EXP 	Sound  started
23.5794 	EXP 	unnamed Rect: autoDraw = False
23.5794 	EXP 	unnamed Rect: autoDraw = False
23.5794 	EXP 	unnamed Rect: autoDraw = False
23.5794 	EXP 	unnamed ShapeStim: autoDraw = False
23.5794 	EXP 	unnamed ShapeStim: autoDraw = True
23.5794 	EXP 	unnamed Rect: opacity = 0.11900000000000001
23.5794 	EXP 	unnamed Rect: pos = array([[-314.,  -75.]])
23.5794 	EXP 	unnamed Rect: pos = array([ 280.,    0.])
24.2237 	DATA 	Keypress: escape
24.4499 	EXP 	window1: mouseVisible = True
